<?xml version="1.0" encoding="UTF-8"?>
<!-- Generated by org.testng.reporters.JUnitReportReporter -->
<testsuite skipped="0" hostname="Lenovo-PC" name="dao.HistoriqueDAOTest" tests="2" failures="0" timestamp="08 sept. 2019 22:46:57 GMT" time="0.169" errors="0">
  <testcase name="test2" time="0.047" classname="dao.HistoriqueDAOTest"/>
  <testcase name="historique_voiture" time="0.122" classname="dao.HistoriqueDAOTest"/>
</testsuite> <!-- dao.HistoriqueDAOTest -->
