<?xml version="1.0" encoding="UTF-8"?>
<!-- Generated by org.testng.reporters.JUnitReportReporter -->
<testsuite skipped="0" hostname="DESKTOP-GHDVIFR" name="TesteDAO.CondensateurDAO" tests="3" failures="0" timestamp="2019-10-21T17:15:57 CEST" time="22.006" errors="0">
  <testcase name="getFromID" time="0.078" classname="TesteDAO.CondensateurDAO"/>
  <testcase name="getList" time="0.000" classname="TesteDAO.CondensateurDAO"/>
  <testcase name="insert" time="21.928" classname="TesteDAO.CondensateurDAO"/>
</testsuite> <!-- TesteDAO.CondensateurDAO -->
