<?xml version="1.0" encoding="UTF-8"?>
<!-- Generated by org.testng.reporters.JUnitReportReporter -->
<testsuite skipped="0" hostname="DESKTOP-GHDVIFR" name="TesteDAO.ResistanceDAO" tests="2" failures="0" timestamp="2019-10-17T18:27:46 CEST" time="0.098" errors="0">
  <testcase name="getFromID" time="0.086" classname="TesteDAO.ResistanceDAO"/>
  <testcase name="getList" time="0.012" classname="TesteDAO.ResistanceDAO"/>
</testsuite> <!-- TesteDAO.ResistanceDAO -->
