<?xml version="1.0" encoding="UTF-8"?>
<!-- Generated by org.testng.reporters.JUnitReportReporter -->
<testsuite skipped="0" hostname="Lenovo-PC" name="dao.PersonnelDAOTest" tests="2" failures="0" timestamp="08 sept. 2019 22:46:39 GMT" time="0.094" errors="0">
  <testcase name="test" time="0.089" classname="dao.PersonnelDAOTest"/>
  <testcase name="test2" time="0.005" classname="dao.PersonnelDAOTest"/>
</testsuite> <!-- dao.PersonnelDAOTest -->
