<?xml version="1.0" encoding="UTF-8"?>
<!-- Generated by org.testng.reporters.JUnitReportReporter -->
<testsuite skipped="0" hostname="Lenovo-PC" name="dao.PlaceDAOTest" tests="2" failures="0" timestamp="08 sept. 2019 22:46:14 GMT" time="0.082" errors="0">
  <testcase name="test" time="0.075" classname="dao.PlaceDAOTest"/>
  <testcase name="test2" time="0.007" classname="dao.PlaceDAOTest"/>
</testsuite> <!-- dao.PlaceDAOTest -->
